Using pre-set license
Built from '2021.3/staging' branch; Version is '2021.3.8f1 (b30333d56e81) revision 11731763'; Using compiler version '192829333'; Build Type 'Release'
OS: 'Windows 10  (10.0.19045) 64bit Enterprise' Language: 'en' Physical Memory: 15718 MB
BatchMode: 1, IsHumanControllingUs: 0, StartBugReporterOnCrash: 0, Is64bit: 1, IsPro: 1

COMMAND LINE ARGUMENTS:
C:\Program Files\Unity\Hub\Editor\2021.3.8f1\Editor\Unity.exe
-adb2
-batchMode
-noUpm
-name
AssetImportWorker7
-projectPath
C:/Users/RAINEEN20/OneDrive - Grove City College/Documents/College/Junior Year/Spring/COMP 446/Zombie/ZombieGame
-logFile
Logs/AssetImportWorker7.log
-srvPort
54866
Successfully changed project path to: C:/Users/RAINEEN20/OneDrive - Grove City College/Documents/College/Junior Year/Spring/COMP 446/Zombie/ZombieGame
C:/Users/RAINEEN20/OneDrive - Grove City College/Documents/College/Junior Year/Spring/COMP 446/Zombie/ZombieGame
[UnityMemory] Configuration Parameters - Can be set up in boot.config
    "memorysetup-bucket-allocator-granularity=16"
    "memorysetup-bucket-allocator-bucket-count=8"
    "memorysetup-bucket-allocator-block-size=33554432"
    "memorysetup-bucket-allocator-block-count=8"
    "memorysetup-main-allocator-block-size=16777216"
    "memorysetup-thread-allocator-block-size=16777216"
    "memorysetup-gfx-main-allocator-block-size=16777216"
    "memorysetup-gfx-thread-allocator-block-size=16777216"
    "memorysetup-cache-allocator-block-size=4194304"
    "memorysetup-typetree-allocator-block-size=2097152"
    "memorysetup-profiler-bucket-allocator-granularity=16"
    "memorysetup-profiler-bucket-allocator-bucket-count=8"
    "memorysetup-profiler-bucket-allocator-block-size=33554432"
    "memorysetup-profiler-bucket-allocator-block-count=8"
    "memorysetup-profiler-allocator-block-size=16777216"
    "memorysetup-profiler-editor-allocator-block-size=1048576"
    "memorysetup-temp-allocator-size-main=16777216"
    "memorysetup-job-temp-allocator-block-size=2097152"
    "memorysetup-job-temp-allocator-block-size-background=1048576"
    "memorysetup-job-temp-allocator-reduction-small-platforms=262144"
    "memorysetup-temp-allocator-size-background-worker=32768"
    "memorysetup-temp-allocator-size-job-worker=262144"
    "memorysetup-temp-allocator-size-preload-manager=33554432"
    "memorysetup-temp-allocator-size-nav-mesh-worker=65536"
    "memorysetup-temp-allocator-size-audio-worker=65536"
    "memorysetup-temp-allocator-size-cloud-worker=32768"
    "memorysetup-temp-allocator-size-gi-baking-worker=262144"
    "memorysetup-temp-allocator-size-gfx=262144"
Refreshing native plugins compatible for Editor in 347.72 ms, found 3 plugins.
Preloading 0 native plugins for Editor in 0.00 ms.
Initialize engine version: 2021.3.8f1 (b30333d56e81)
[Subsystems] Discovering subsystems at path C:/Program Files/Unity/Hub/Editor/2021.3.8f1/Editor/Data/Resources/UnitySubsystems
[Subsystems] Discovering subsystems at path C:/Users/RAINEEN20/OneDrive - Grove City College/Documents/College/Junior Year/Spring/COMP 446/Zombie/ZombieGame/Assets
GfxDevice: creating device client; threaded=0; jobified=0
Direct3D:
    Version:  Direct3D 11.0 [level 11.1]
    Renderer: Intel(R) UHD Graphics 620 (ID=0x3ea0)
    Vendor:   Intel
    VRAM:     7859 MB
    Driver:   31.0.101.1999
Initialize mono
Mono path[0] = 'C:/Program Files/Unity/Hub/Editor/2021.3.8f1/Editor/Data/Managed'
Mono path[1] = 'C:/Program Files/Unity/Hub/Editor/2021.3.8f1/Editor/Data/MonoBleedingEdge/lib/mono/unityjit-win32'
Mono config path = 'C:/Program Files/Unity/Hub/Editor/2021.3.8f1/Editor/Data/MonoBleedingEdge/etc'
Using monoOptions --debugger-agent=transport=dt_socket,embedding=1,server=y,suspend=n,address=127.0.0.1:56820
Begin MonoManager ReloadAssembly
Registering precompiled unity dll's ...
Register platform support module: C:/Program Files/Unity/Hub/Editor/2021.3.8f1/Editor/Data/PlaybackEngines/WindowsStandaloneSupport/UnityEditor.WindowsStandalone.Extensions.dll
Registered in 0.029355 seconds.
Native extension for WindowsStandalone target not found
Refreshing native plugins compatible for Editor in 296.85 ms, found 3 plugins.
Preloading 0 native plugins for Editor in 0.00 ms.
Mono: successfully reloaded assembly
- Completed reload, in  2.450 seconds
Domain Reload Profiling:
	ReloadAssembly (2451ms)
		BeginReloadAssembly (296ms)
			ExecutionOrderSort (0ms)
			DisableScriptedObjects (0ms)
			BackupInstance (0ms)
			ReleaseScriptingObjects (0ms)
			CreateAndSetChildDomain (3ms)
		EndReloadAssembly (1686ms)
			LoadAssemblies (283ms)
			RebuildTransferFunctionScriptingTraits (0ms)
			SetupTypeCache (368ms)
			ReleaseScriptCaches (0ms)
			RebuildScriptCaches (126ms)
			SetupLoadedEditorAssemblies (986ms)
				LogAssemblyErrors (0ms)
				InitializePlatformSupportModulesInManaged (31ms)
				SetLoadedEditorAssemblies (1ms)
				RefreshPlugins (297ms)
				BeforeProcessingInitializeOnLoad (5ms)
				ProcessInitializeOnLoadAttributes (483ms)
				ProcessInitializeOnLoadMethodAttributes (168ms)
				AfterProcessingInitializeOnLoad (0ms)
				EditorAssembliesLoaded (0ms)
			ExecutionOrderSort2 (0ms)
			AwakeInstancesAfterBackupRestoration (0ms)
Platform modules already initialized, skipping
Registering precompiled user dll's ...
Registered in 0.033415 seconds.
Begin MonoManager ReloadAssembly
Symbol file LoadedFromMemory doesn't match image C:\Users\RAINEEN20\OneDrive - Grove City College\Documents\College\Junior Year\Spring\COMP 446\Zombie\ZombieGame\Library\PackageCache\com.unity.visualscripting@1.7.8\Editor\VisualScripting.Core\Dependencies\YamlDotNet\Unity.VisualScripting.YamlDotNet.dll
Symbol file LoadedFromMemory doesn't match image C:\Users\RAINEEN20\OneDrive - Grove City College\Documents\College\Junior Year\Spring\COMP 446\Zombie\ZombieGame\Library\PackageCache\com.unity.visualscripting@1.7.8\Editor\VisualScripting.Core\Dependencies\DotNetZip\Unity.VisualScripting.IonicZip.dll
Native extension for WindowsStandalone target not found
Refreshing native plugins compatible for Editor in 1.22 ms, found 3 plugins.
Preloading 0 native plugins for Editor in 0.00 ms.
Mono: successfully reloaded assembly
- Completed reload, in 16.830 seconds
Domain Reload Profiling:
	ReloadAssembly (16833ms)
		BeginReloadAssembly (404ms)
			ExecutionOrderSort (0ms)
			DisableScriptedObjects (26ms)
			BackupInstance (0ms)
			ReleaseScriptingObjects (0ms)
			CreateAndSetChildDomain (63ms)
		EndReloadAssembly (15789ms)
			LoadAssemblies (8167ms)
			RebuildTransferFunctionScriptingTraits (0ms)
			SetupTypeCache (2626ms)
			ReleaseScriptCaches (1ms)
			RebuildScriptCaches (324ms)
			SetupLoadedEditorAssemblies (4372ms)
				LogAssemblyErrors (0ms)
				InitializePlatformSupportModulesInManaged (21ms)
				SetLoadedEditorAssemblies (1ms)
				RefreshPlugins (1ms)
				BeforeProcessingInitializeOnLoad (338ms)
				ProcessInitializeOnLoadAttributes (1162ms)
				ProcessInitializeOnLoadMethodAttributes (2815ms)
				AfterProcessingInitializeOnLoad (33ms)
				EditorAssembliesLoaded (0ms)
			ExecutionOrderSort2 (0ms)
			AwakeInstancesAfterBackupRestoration (20ms)
Platform modules already initialized, skipping
========================================================================
Worker process is ready to serve import requests
Launched and connected shader compiler UnityShaderCompiler.exe after 0.20 seconds
Refreshing native plugins compatible for Editor in 1.10 ms, found 3 plugins.
Preloading 0 native plugins for Editor in 0.00 ms.
Unloading 3348 Unused Serialized files (Serialized files now loaded: 0)
Unloading 27 unused Assets / (111.0 KB). Loaded Objects now: 3805.
Memory consumption went from 116.6 MB to 116.4 MB.
Total: 10.554500 ms (FindLiveObjects: 0.737600 ms CreateObjectMapping: 0.809400 ms MarkObjects: 8.759800 ms  DeleteObjects: 0.244900 ms)

AssetImportParameters requested are different than current active one (requested -> active):
  custom:video-decoder-ogg-theora: a1e56fd34408186e4bbccfd4996cb3dc -> 
  custom:container-muxer-webm: aa71ff27fc2769a1b78a27578f13a17b -> 
  custom:container-demuxer-webm: 4f35f7cbe854078d1ac9338744f61a02 -> 
  custom:video-encoder-webm-vp8: eb34c28f22e8b96e1ab97ce403110664 -> 
  custom:video-codec-MediaFoundation-h265: 746d11721c4dcdbdad8f713fa42b33f4 -> 
  custom:audio-encoder-webm-vorbis: bf7c407c2cedff20999df2af8eb42d56 -> 
  custom:framework-win-MediaFoundation: 216162199b28c13a410421893ffa2e32 -> 
  custom:container-demuxer-ogg: 62fdf1f143b41e24485cea50d1cbac27 -> 
  custom:video-decoder-webm-vp8: 9c59270c3fd7afecdb556c50c9e8de78 -> 
  custom:audio-decoder-ogg-vorbis: bf7c407c2cedff20999df2af8eb42d56 -> 
========================================================================
Received Import Request.
  Time since last request: 1114864.711614 seconds.
  path: Assets/Alstra Infinite/Fish - PolyPack/Prefabs/FishV4.prefab
  artifactKey: Guid(a05072560c3476b4cb8dddf22f697392) Importer(815301076,1909f56bfc062723c751e8b465ee728b)
Start importing Assets/Alstra Infinite/Fish - PolyPack/Prefabs/FishV4.prefab using Guid(a05072560c3476b4cb8dddf22f697392) Importer(815301076,1909f56bfc062723c751e8b465ee728b)  -> (artifact id: '632dcaa59d29e365769c808c9444d554') in 0.436059 seconds 
========================================================================
Received Import Request.
  Time since last request: 0.000055 seconds.
  path: Assets/Alstra Infinite/Fish - PolyPack/Prefabs/FishV3.prefab
  artifactKey: Guid(de500f6b90f89bc4c87a6585b2dea01a) Importer(815301076,1909f56bfc062723c751e8b465ee728b)
Start importing Assets/Alstra Infinite/Fish - PolyPack/Prefabs/FishV3.prefab using Guid(de500f6b90f89bc4c87a6585b2dea01a) Importer(815301076,1909f56bfc062723c751e8b465ee728b)  -> (artifact id: '354190ec0e0fa610b015f4846b2b0fc8') in 0.055990 seconds 
========================================================================
Received Import Request.
  Time since last request: 0.000072 seconds.
  path: Assets/Alstra Infinite/Fish - PolyPack/Prefabs/SharkV1.prefab
  artifactKey: Guid(2fb93ff3c1250a74ca5f53a6bc162675) Importer(815301076,1909f56bfc062723c751e8b465ee728b)
Start importing Assets/Alstra Infinite/Fish - PolyPack/Prefabs/SharkV1.prefab using Guid(2fb93ff3c1250a74ca5f53a6bc162675) Importer(815301076,1909f56bfc062723c751e8b465ee728b)  -> (artifact id: 'fa6995d726b29d0b870d5a2fed8ddfae') in 0.063150 seconds 
========================================================================
Received Prepare
Registering precompiled user dll's ...
Registered in 0.024701 seconds.
Begin MonoManager ReloadAssembly
Symbol file LoadedFromMemory doesn't match image C:\Users\RAINEEN20\OneDrive - Grove City College\Documents\College\Junior Year\Spring\COMP 446\Zombie\ZombieGame\Library\PackageCache\com.unity.visualscripting@1.7.8\Editor\VisualScripting.Core\Dependencies\YamlDotNet\Unity.VisualScripting.YamlDotNet.dll
Symbol file LoadedFromMemory doesn't match image C:\Users\RAINEEN20\OneDrive - Grove City College\Documents\College\Junior Year\Spring\COMP 446\Zombie\ZombieGame\Library\PackageCache\com.unity.visualscripting@1.7.8\Editor\VisualScripting.Core\Dependencies\DotNetZip\Unity.VisualScripting.IonicZip.dll
Native extension for WindowsStandalone target not found
Refreshing native plugins compatible for Editor in 2.10 ms, found 3 plugins.
Preloading 0 native plugins for Editor in 0.00 ms.
Mono: successfully reloaded assembly
- Completed reload, in  4.370 seconds
Domain Reload Profiling:
	ReloadAssembly (4373ms)
		BeginReloadAssembly (752ms)
			ExecutionOrderSort (0ms)
			DisableScriptedObjects (17ms)
			BackupInstance (0ms)
			ReleaseScriptingObjects (0ms)
			CreateAndSetChildDomain (131ms)
		EndReloadAssembly (3200ms)
			LoadAssemblies (594ms)
			RebuildTransferFunctionScriptingTraits (0ms)
			SetupTypeCache (1150ms)
			ReleaseScriptCaches (3ms)
			RebuildScriptCaches (166ms)
			SetupLoadedEditorAssemblies (1322ms)
				LogAssemblyErrors (0ms)
				InitializePlatformSupportModulesInManaged (52ms)
				SetLoadedEditorAssemblies (2ms)
				RefreshPlugins (2ms)
				BeforeProcessingInitializeOnLoad (277ms)
				ProcessInitializeOnLoadAttributes (823ms)
				ProcessInitializeOnLoadMethodAttributes (125ms)
				AfterProcessingInitializeOnLoad (40ms)
				EditorAssembliesLoaded (1ms)
			ExecutionOrderSort2 (0ms)
			AwakeInstancesAfterBackupRestoration (37ms)
Platform modules already initialized, skipping
Refreshing native plugins compatible for Editor in 5.73 ms, found 3 plugins.
Preloading 0 native plugins for Editor in 0.00 ms.
Unloading 3344 Unused Serialized files (Serialized files now loaded: 0)
Unloading 20 unused Assets / (78.2 KB). Loaded Objects now: 3816.
Memory consumption went from 120.9 MB to 120.8 MB.
Total: 9.618700 ms (FindLiveObjects: 0.685200 ms CreateObjectMapping: 0.572800 ms MarkObjects: 8.065100 ms  DeleteObjects: 0.292600 ms)

AssetImportParameters requested are different than current active one (requested -> active):
  custom:video-decoder-ogg-theora: a1e56fd34408186e4bbccfd4996cb3dc -> 
  custom:container-muxer-webm: aa71ff27fc2769a1b78a27578f13a17b -> 
  custom:container-demuxer-webm: 4f35f7cbe854078d1ac9338744f61a02 -> 
  custom:video-encoder-webm-vp8: eb34c28f22e8b96e1ab97ce403110664 -> 
  custom:video-codec-MediaFoundation-h265: 746d11721c4dcdbdad8f713fa42b33f4 -> 
  custom:audio-encoder-webm-vorbis: bf7c407c2cedff20999df2af8eb42d56 -> 
  custom:framework-win-MediaFoundation: 216162199b28c13a410421893ffa2e32 -> 
  custom:container-demuxer-ogg: 62fdf1f143b41e24485cea50d1cbac27 -> 
  custom:video-decoder-webm-vp8: 9c59270c3fd7afecdb556c50c9e8de78 -> 
  custom:audio-decoder-ogg-vorbis: bf7c407c2cedff20999df2af8eb42d56 -> 
========================================================================
Received Import Request.
  Time since last request: 2314.536620 seconds.
  path: Assets/Prefabs/SharkV1 Variant.prefab
  artifactKey: Guid(5243b2ebb9878244babcf89019ff35a0) Importer(815301076,1909f56bfc062723c751e8b465ee728b)
Start importing Assets/Prefabs/SharkV1 Variant.prefab using Guid(5243b2ebb9878244babcf89019ff35a0) Importer(815301076,1909f56bfc062723c751e8b465ee728b)  -> (artifact id: 'e6e65e6f2b61eb43c55ff7989d9b135c') in 0.294980 seconds 
========================================================================
Received Prepare
Registering precompiled user dll's ...
Registered in 0.031893 seconds.
Begin MonoManager ReloadAssembly
Symbol file LoadedFromMemory doesn't match image C:\Users\RAINEEN20\OneDrive - Grove City College\Documents\College\Junior Year\Spring\COMP 446\Zombie\ZombieGame\Library\PackageCache\com.unity.visualscripting@1.7.8\Editor\VisualScripting.Core\Dependencies\YamlDotNet\Unity.VisualScripting.YamlDotNet.dll
Symbol file LoadedFromMemory doesn't match image C:\Users\RAINEEN20\OneDrive - Grove City College\Documents\College\Junior Year\Spring\COMP 446\Zombie\ZombieGame\Library\PackageCache\com.unity.visualscripting@1.7.8\Editor\VisualScripting.Core\Dependencies\DotNetZip\Unity.VisualScripting.IonicZip.dll
Native extension for WindowsStandalone target not found
Refreshing native plugins compatible for Editor in 2.07 ms, found 3 plugins.
Preloading 0 native plugins for Editor in 0.00 ms.
Mono: successfully reloaded assembly
- Completed reload, in  3.778 seconds
Domain Reload Profiling:
	ReloadAssembly (3780ms)
		BeginReloadAssembly (431ms)
			ExecutionOrderSort (0ms)
			DisableScriptedObjects (13ms)
			BackupInstance (0ms)
			ReleaseScriptingObjects (0ms)
			CreateAndSetChildDomain (129ms)
		EndReloadAssembly (2768ms)
			LoadAssemblies (291ms)
			RebuildTransferFunctionScriptingTraits (0ms)
			SetupTypeCache (961ms)
			ReleaseScriptCaches (3ms)
			RebuildScriptCaches (152ms)
			SetupLoadedEditorAssemblies (1221ms)
				LogAssemblyErrors (0ms)
				InitializePlatformSupportModulesInManaged (51ms)
				SetLoadedEditorAssemblies (2ms)
				RefreshPlugins (2ms)
				BeforeProcessingInitializeOnLoad (298ms)
				ProcessInitializeOnLoadAttributes (730ms)
				ProcessInitializeOnLoadMethodAttributes (100ms)
				AfterProcessingInitializeOnLoad (38ms)
				EditorAssembliesLoaded (1ms)
			ExecutionOrderSort2 (0ms)
			AwakeInstancesAfterBackupRestoration (22ms)
Platform modules already initialized, skipping
Refreshing native plugins compatible for Editor in 5.09 ms, found 3 plugins.
Preloading 0 native plugins for Editor in 0.00 ms.
Unloading 3345 Unused Serialized files (Serialized files now loaded: 0)
Unloading 20 unused Assets / (78.2 KB). Loaded Objects now: 3820.
Memory consumption went from 120.9 MB to 120.9 MB.
Total: 8.123800 ms (FindLiveObjects: 0.569900 ms CreateObjectMapping: 0.407300 ms MarkObjects: 6.948700 ms  DeleteObjects: 0.195700 ms)

AssetImportParameters requested are different than current active one (requested -> active):
  custom:video-decoder-ogg-theora: a1e56fd34408186e4bbccfd4996cb3dc -> 
  custom:container-muxer-webm: aa71ff27fc2769a1b78a27578f13a17b -> 
  custom:container-demuxer-webm: 4f35f7cbe854078d1ac9338744f61a02 -> 
  custom:video-encoder-webm-vp8: eb34c28f22e8b96e1ab97ce403110664 -> 
  custom:video-codec-MediaFoundation-h265: 746d11721c4dcdbdad8f713fa42b33f4 -> 
  custom:audio-encoder-webm-vorbis: bf7c407c2cedff20999df2af8eb42d56 -> 
  custom:framework-win-MediaFoundation: 216162199b28c13a410421893ffa2e32 -> 
  custom:container-demuxer-ogg: 62fdf1f143b41e24485cea50d1cbac27 -> 
  custom:video-decoder-webm-vp8: 9c59270c3fd7afecdb556c50c9e8de78 -> 
  custom:audio-decoder-ogg-vorbis: bf7c407c2cedff20999df2af8eb42d56 -> 
========================================================================
Received Prepare
Registering precompiled user dll's ...
Registered in 0.020478 seconds.
Begin MonoManager ReloadAssembly
Symbol file LoadedFromMemory doesn't match image C:\Users\RAINEEN20\OneDrive - Grove City College\Documents\College\Junior Year\Spring\COMP 446\Zombie\ZombieGame\Library\PackageCache\com.unity.visualscripting@1.7.8\Editor\VisualScripting.Core\Dependencies\YamlDotNet\Unity.VisualScripting.YamlDotNet.dll
Symbol file LoadedFromMemory doesn't match image C:\Users\RAINEEN20\OneDrive - Grove City College\Documents\College\Junior Year\Spring\COMP 446\Zombie\ZombieGame\Library\PackageCache\com.unity.visualscripting@1.7.8\Editor\VisualScripting.Core\Dependencies\DotNetZip\Unity.VisualScripting.IonicZip.dll
Native extension for WindowsStandalone target not found
Refreshing native plugins compatible for Editor in 1.21 ms, found 3 plugins.
Preloading 0 native plugins for Editor in 0.00 ms.
Mono: successfully reloaded assembly
- Completed reload, in  3.751 seconds
Domain Reload Profiling:
	ReloadAssembly (3754ms)
		BeginReloadAssembly (446ms)
			ExecutionOrderSort (0ms)
			DisableScriptedObjects (21ms)
			BackupInstance (0ms)
			ReleaseScriptingObjects (0ms)
			CreateAndSetChildDomain (108ms)
		EndReloadAssembly (2931ms)
			LoadAssemblies (295ms)
			RebuildTransferFunctionScriptingTraits (0ms)
			SetupTypeCache (890ms)
			ReleaseScriptCaches (3ms)
			RebuildScriptCaches (173ms)
			SetupLoadedEditorAssemblies (1367ms)
				LogAssemblyErrors (0ms)
				InitializePlatformSupportModulesInManaged (47ms)
				SetLoadedEditorAssemblies (1ms)
				RefreshPlugins (1ms)
				BeforeProcessingInitializeOnLoad (278ms)
				ProcessInitializeOnLoadAttributes (894ms)
				ProcessInitializeOnLoadMethodAttributes (93ms)
				AfterProcessingInitializeOnLoad (52ms)
				EditorAssembliesLoaded (1ms)
			ExecutionOrderSort2 (0ms)
			AwakeInstancesAfterBackupRestoration (38ms)
Platform modules already initialized, skipping
Refreshing native plugins compatible for Editor in 4.06 ms, found 3 plugins.
Preloading 0 native plugins for Editor in 0.00 ms.
Unloading 3345 Unused Serialized files (Serialized files now loaded: 0)
Unloading 20 unused Assets / (78.2 KB). Loaded Objects now: 3823.
Memory consumption went from 120.9 MB to 120.9 MB.
Total: 10.065300 ms (FindLiveObjects: 0.619200 ms CreateObjectMapping: 0.550000 ms MarkObjects: 8.719300 ms  DeleteObjects: 0.174700 ms)

AssetImportParameters requested are different than current active one (requested -> active):
  custom:video-decoder-ogg-theora: a1e56fd34408186e4bbccfd4996cb3dc -> 
  custom:container-muxer-webm: aa71ff27fc2769a1b78a27578f13a17b -> 
  custom:container-demuxer-webm: 4f35f7cbe854078d1ac9338744f61a02 -> 
  custom:video-encoder-webm-vp8: eb34c28f22e8b96e1ab97ce403110664 -> 
  custom:video-codec-MediaFoundation-h265: 746d11721c4dcdbdad8f713fa42b33f4 -> 
  custom:audio-encoder-webm-vorbis: bf7c407c2cedff20999df2af8eb42d56 -> 
  custom:framework-win-MediaFoundation: 216162199b28c13a410421893ffa2e32 -> 
  custom:container-demuxer-ogg: 62fdf1f143b41e24485cea50d1cbac27 -> 
  custom:video-decoder-webm-vp8: 9c59270c3fd7afecdb556c50c9e8de78 -> 
  custom:audio-decoder-ogg-vorbis: bf7c407c2cedff20999df2af8eb42d56 -> 
========================================================================
Received Import Request.
  Time since last request: 525.312104 seconds.
  path: Assets/Alstra Infinite/Fish - PolyPack/Models/FishV1.fbx
  artifactKey: Guid(38f74cd884cda8242b4fdc167c4962f8) Importer(815301076,1909f56bfc062723c751e8b465ee728b)
Start importing Assets/Alstra Infinite/Fish - PolyPack/Models/FishV1.fbx using Guid(38f74cd884cda8242b4fdc167c4962f8) Importer(815301076,1909f56bfc062723c751e8b465ee728b)  -> (artifact id: 'b9305000cf51052f909f078bc9a56fae') in 0.418401 seconds 
========================================================================
Received Import Request.
  Time since last request: 0.000057 seconds.
  path: Assets/Alstra Infinite/Fish - PolyPack/Scene/ShowcaseFloor.mat
  artifactKey: Guid(0982336231d4218459d2001ee76293b3) Importer(815301076,1909f56bfc062723c751e8b465ee728b)
Start importing Assets/Alstra Infinite/Fish - PolyPack/Scene/ShowcaseFloor.mat using Guid(0982336231d4218459d2001ee76293b3) Importer(815301076,1909f56bfc062723c751e8b465ee728b)  -> (artifact id: 'df3b4542b00e51ea33de0a4b3bc81703') in 0.061590 seconds 
========================================================================
Received Import Request.
  Time since last request: 0.000072 seconds.
  path: Assets/Alstra Infinite/Fish - PolyPack/Models/FishV3.fbx
  artifactKey: Guid(ae51ad94fa7d3764d957aa512d506d00) Importer(815301076,1909f56bfc062723c751e8b465ee728b)
Start importing Assets/Alstra Infinite/Fish - PolyPack/Models/FishV3.fbx using Guid(ae51ad94fa7d3764d957aa512d506d00) Importer(815301076,1909f56bfc062723c751e8b465ee728b)  -> (artifact id: '480f6186fdc9d05fed4b1d576de21268') in 0.081115 seconds 
========================================================================
Received Import Request.
  Time since last request: 276.336296 seconds.
  path: Assets/Materials/SpecificSkybox.mat
  artifactKey: Guid(22834fee2bec6fd439f1b8b4118e6da7) Importer(815301076,1909f56bfc062723c751e8b465ee728b)
Start importing Assets/Materials/SpecificSkybox.mat using Guid(22834fee2bec6fd439f1b8b4118e6da7) Importer(815301076,1909f56bfc062723c751e8b465ee728b)  -> (artifact id: '64c78d0be14fdc4a250ad3a7566e8b4f') in 0.649247 seconds 
========================================================================
Received Import Request.
  Time since last request: 18.919908 seconds.
  path: Assets/_TerrainAutoUpgrade/layer_Ground2cc0f254a2c535401.terrainlayer
  artifactKey: Guid(6878fbf364164e44aa9672e6a6e22098) Importer(815301076,1909f56bfc062723c751e8b465ee728b)
Start importing Assets/_TerrainAutoUpgrade/layer_Ground2cc0f254a2c535401.terrainlayer using Guid(6878fbf364164e44aa9672e6a6e22098) Importer(815301076,1909f56bfc062723c751e8b465ee728b)  -> (artifact id: '46950af9f6e6fed49ce039fd047f2525') in 0.063176 seconds 
========================================================================
Received Import Request.
  Time since last request: 8.513251 seconds.
  path: Assets/Runemark Studio/Freebies/PolyDesert Mobile/Prefabs/cactus01_m.prefab
  artifactKey: Guid(5da07da6c25a65249aa4f03d5ed92684) Importer(815301076,1909f56bfc062723c751e8b465ee728b)
Start importing Assets/Runemark Studio/Freebies/PolyDesert Mobile/Prefabs/cactus01_m.prefab using Guid(5da07da6c25a65249aa4f03d5ed92684) Importer(815301076,1909f56bfc062723c751e8b465ee728b)  -> (artifact id: 'cffdb10aeca746280fb647ebbc2ec57e') in 0.045073 seconds 
========================================================================
Received Import Request.
  Time since last request: 0.000060 seconds.
  path: Assets/Runemark Studio/Freebies/PolyDesert Mobile/Prefabs/rock06_m.prefab
  artifactKey: Guid(b4b140ef271131646b1b285ea1904282) Importer(815301076,1909f56bfc062723c751e8b465ee728b)
Start importing Assets/Runemark Studio/Freebies/PolyDesert Mobile/Prefabs/rock06_m.prefab using Guid(b4b140ef271131646b1b285ea1904282) Importer(815301076,1909f56bfc062723c751e8b465ee728b)  -> (artifact id: '85096f1aab03bc76f9cc727e3e1c1045') in 0.043252 seconds 
========================================================================
Received Import Request.
  Time since last request: 0.000096 seconds.
  path: Assets/Runemark Studio/Freebies/PolyDesert Mobile/Prefabs/rock07_m.prefab
  artifactKey: Guid(e7bddad50f1e07247a818242d1afcf74) Importer(815301076,1909f56bfc062723c751e8b465ee728b)
Start importing Assets/Runemark Studio/Freebies/PolyDesert Mobile/Prefabs/rock07_m.prefab using Guid(e7bddad50f1e07247a818242d1afcf74) Importer(815301076,1909f56bfc062723c751e8b465ee728b)  -> (artifact id: '64c570004c5b5e3275d05222e6dbcdbc') in 0.066378 seconds 
========================================================================
Received Import Request.
  Time since last request: 0.000056 seconds.
  path: Assets/Runemark Studio/Freebies/PolyDesert Mobile/Prefabs/cactus03_m.prefab
  artifactKey: Guid(628ca882a5b7c144799112fa3339945c) Importer(815301076,1909f56bfc062723c751e8b465ee728b)
Start importing Assets/Runemark Studio/Freebies/PolyDesert Mobile/Prefabs/cactus03_m.prefab using Guid(628ca882a5b7c144799112fa3339945c) Importer(815301076,1909f56bfc062723c751e8b465ee728b)  -> (artifact id: '01ffbf17cefb0e89f00a371b88e1ecbd') in 0.049674 seconds 
========================================================================
Received Import Request.
  Time since last request: 0.000053 seconds.
  path: Assets/Runemark Studio/Freebies/PolyDesert Mobile/Prefabs/rock01_m.prefab
  artifactKey: Guid(285b9972cdfec2a41a57161bddbe78ef) Importer(815301076,1909f56bfc062723c751e8b465ee728b)
Start importing Assets/Runemark Studio/Freebies/PolyDesert Mobile/Prefabs/rock01_m.prefab using Guid(285b9972cdfec2a41a57161bddbe78ef) Importer(815301076,1909f56bfc062723c751e8b465ee728b)  -> (artifact id: '33ddf4138fd8bb65212c05ba5369872e') in 0.051781 seconds 
========================================================================
Received Import Request.
  Time since last request: 0.000077 seconds.
  path: Assets/Runemark Studio/Freebies/PolyDesert Mobile/Prefabs/rock08_m.prefab
  artifactKey: Guid(caaa7ae63a9ddff43a592237cf4c65fc) Importer(815301076,1909f56bfc062723c751e8b465ee728b)
Start importing Assets/Runemark Studio/Freebies/PolyDesert Mobile/Prefabs/rock08_m.prefab using Guid(caaa7ae63a9ddff43a592237cf4c65fc) Importer(815301076,1909f56bfc062723c751e8b465ee728b)  -> (artifact id: 'a5b4b7fc282cb94caf186863409e4021') in 0.057436 seconds 
========================================================================
Received Import Request.
  Time since last request: 125.663301 seconds.
  path: Assets/FreeVegetation-LowPolyNature/FreeVegetation/Prefabs/Bush_1_2.prefab
  artifactKey: Guid(e8e4c79974d5dd2469bc0c0055921376) Importer(815301076,1909f56bfc062723c751e8b465ee728b)
Start importing Assets/FreeVegetation-LowPolyNature/FreeVegetation/Prefabs/Bush_1_2.prefab using Guid(e8e4c79974d5dd2469bc0c0055921376) Importer(815301076,1909f56bfc062723c751e8b465ee728b)  -> (artifact id: '372f4d09b132071450d66d118b511aa2') in 0.057917 seconds 
========================================================================
Received Import Request.
  Time since last request: 0.000049 seconds.
  path: Assets/FreeVegetation-LowPolyNature/FreeVegetation/Prefabs/FallenTree_1_2.prefab
  artifactKey: Guid(7bd8a99d77d246b41b47d6f0958d6e89) Importer(815301076,1909f56bfc062723c751e8b465ee728b)
Start importing Assets/FreeVegetation-LowPolyNature/FreeVegetation/Prefabs/FallenTree_1_2.prefab using Guid(7bd8a99d77d246b41b47d6f0958d6e89) Importer(815301076,1909f56bfc062723c751e8b465ee728b)  -> (artifact id: 'a2f479ea5869715db94bca6e3bc481d0') in 0.055418 seconds 
========================================================================
Received Import Request.
  Time since last request: 0.000069 seconds.
  path: Assets/FreeVegetation-LowPolyNature/FreeVegetation/Prefabs/FallenTree_1_1.prefab
  artifactKey: Guid(c33d23e7dff87c94bbbf8303e2318397) Importer(815301076,1909f56bfc062723c751e8b465ee728b)
Start importing Assets/FreeVegetation-LowPolyNature/FreeVegetation/Prefabs/FallenTree_1_1.prefab using Guid(c33d23e7dff87c94bbbf8303e2318397) Importer(815301076,1909f56bfc062723c751e8b465ee728b)  -> (artifact id: '2a216a836290e3f60aa2b0bcef9d5eb5') in 0.044817 seconds 
========================================================================
Received Import Request.
  Time since last request: 0.000071 seconds.
  path: Assets/FreeVegetation-LowPolyNature/FreeVegetation/Prefabs/Grass_1_1.prefab
  artifactKey: Guid(2ab833ef86401f8409c0310ffb61631e) Importer(815301076,1909f56bfc062723c751e8b465ee728b)
Start importing Assets/FreeVegetation-LowPolyNature/FreeVegetation/Prefabs/Grass_1_1.prefab using Guid(2ab833ef86401f8409c0310ffb61631e) Importer(815301076,1909f56bfc062723c751e8b465ee728b)  -> (artifact id: 'aab21d40007315f525cc5b250ded8b31') in 0.051290 seconds 
========================================================================
Received Import Request.
  Time since last request: 0.000047 seconds.
  path: Assets/FreeVegetation-LowPolyNature/FreeVegetation/Prefabs/Tree_1_2.prefab
  artifactKey: Guid(d855296cdd38f1d43a9018c918395080) Importer(815301076,1909f56bfc062723c751e8b465ee728b)
Start importing Assets/FreeVegetation-LowPolyNature/FreeVegetation/Prefabs/Tree_1_2.prefab using Guid(d855296cdd38f1d43a9018c918395080) Importer(815301076,1909f56bfc062723c751e8b465ee728b)  -> (artifact id: '0076136a2facb9729d9710727875b087') in 0.050997 seconds 
========================================================================
Received Import Request.
  Time since last request: 340.611907 seconds.
  path: Assets/Runemark Studio/Freebies/Polygon Desert Pack/Materials/DesertRocks.mat
  artifactKey: Guid(df64b2ddea7920a40962d7aac24b2869) Importer(815301076,1909f56bfc062723c751e8b465ee728b)
Start importing Assets/Runemark Studio/Freebies/Polygon Desert Pack/Materials/DesertRocks.mat using Guid(df64b2ddea7920a40962d7aac24b2869) Importer(815301076,1909f56bfc062723c751e8b465ee728b)  -> (artifact id: '7b4c70d09ca1717431633e6a8428b3ca') in 0.577626 seconds 
========================================================================
Received Import Request.
  Time since last request: 0.000068 seconds.
  path: Assets/Runemark Studio/Freebies/Polygon Desert Pack/Materials/Flower.mat
  artifactKey: Guid(a0eb1ba83e4b048409871a19b9850bb6) Importer(815301076,1909f56bfc062723c751e8b465ee728b)
Start importing Assets/Runemark Studio/Freebies/Polygon Desert Pack/Materials/Flower.mat using Guid(a0eb1ba83e4b048409871a19b9850bb6) Importer(815301076,1909f56bfc062723c751e8b465ee728b)  -> (artifact id: 'c73e9df92a66d89545c77ba6b7ce906b') in 0.055341 seconds 
========================================================================
Received Import Request.
  Time since last request: 0.000068 seconds.
  path: Assets/FreeVegetation-LowPolyNature/FreeVegetation/Materials/Grass_1.mat
  artifactKey: Guid(7e9e3cb396458b84aada10e45759c373) Importer(815301076,1909f56bfc062723c751e8b465ee728b)
Start importing Assets/FreeVegetation-LowPolyNature/FreeVegetation/Materials/Grass_1.mat using Guid(7e9e3cb396458b84aada10e45759c373) Importer(815301076,1909f56bfc062723c751e8b465ee728b)  -> (artifact id: 'f52f064bd13d20230f3e9dc52e3139da') in 0.057667 seconds 
========================================================================
Received Import Request.
  Time since last request: 394.965102 seconds.
  path: Assets/FreeVegetation-LowPolyNature/FreeVegetation/Materials/Bush_1.mat
  artifactKey: Guid(41543f25990715d47b8829388b91cd6a) Importer(815301076,1909f56bfc062723c751e8b465ee728b)
Start importing Assets/FreeVegetation-LowPolyNature/FreeVegetation/Materials/Bush_1.mat using Guid(41543f25990715d47b8829388b91cd6a) Importer(815301076,1909f56bfc062723c751e8b465ee728b)  -> (artifact id: 'd42273f041328e6ec038d07c79a0e2d7') in 0.063153 seconds 
========================================================================
Received Import Request.
  Time since last request: 0.000062 seconds.
  path: Assets/Runemark Studio/Freebies/Polygon Desert Pack/Meshes/Materials/defaultMat.mat
  artifactKey: Guid(7762fac154281ce40ae3cd0b4c18cfb6) Importer(815301076,1909f56bfc062723c751e8b465ee728b)
Start importing Assets/Runemark Studio/Freebies/Polygon Desert Pack/Meshes/Materials/defaultMat.mat using Guid(7762fac154281ce40ae3cd0b4c18cfb6) Importer(815301076,1909f56bfc062723c751e8b465ee728b)  -> (artifact id: '64cf7eebadf838ca54ffa322371c02a1') in 0.053333 seconds 
========================================================================
Received Prepare
Registering precompiled user dll's ...
Registered in 0.026897 seconds.
Begin MonoManager ReloadAssembly
Symbol file LoadedFromMemory doesn't match image C:\Users\RAINEEN20\OneDrive - Grove City College\Documents\College\Junior Year\Spring\COMP 446\Zombie\ZombieGame\Library\PackageCache\com.unity.visualscripting@1.7.8\Editor\VisualScripting.Core\Dependencies\YamlDotNet\Unity.VisualScripting.YamlDotNet.dll
Symbol file LoadedFromMemory doesn't match image C:\Users\RAINEEN20\OneDrive - Grove City College\Documents\College\Junior Year\Spring\COMP 446\Zombie\ZombieGame\Library\PackageCache\com.unity.visualscripting@1.7.8\Editor\VisualScripting.Core\Dependencies\DotNetZip\Unity.VisualScripting.IonicZip.dll
Native extension for WindowsStandalone target not found
Refreshing native plugins compatible for Editor in 1.73 ms, found 3 plugins.
Preloading 0 native plugins for Editor in 0.00 ms.
Mono: successfully reloaded assembly
- Completed reload, in  5.078 seconds
Domain Reload Profiling:
	ReloadAssembly (5081ms)
		BeginReloadAssembly (1083ms)
			ExecutionOrderSort (0ms)
			DisableScriptedObjects (16ms)
			BackupInstance (0ms)
			ReleaseScriptingObjects (0ms)
			CreateAndSetChildDomain (145ms)
		EndReloadAssembly (3584ms)
			LoadAssemblies (913ms)
			RebuildTransferFunctionScriptingTraits (0ms)
			SetupTypeCache (1481ms)
			ReleaseScriptCaches (3ms)
			RebuildScriptCaches (160ms)
			SetupLoadedEditorAssemblies (1391ms)
				LogAssemblyErrors (0ms)
				InitializePlatformSupportModulesInManaged (48ms)
				SetLoadedEditorAssemblies (2ms)
				RefreshPlugins (2ms)
				BeforeProcessingInitializeOnLoad (300ms)
				ProcessInitializeOnLoadAttributes (837ms)
				ProcessInitializeOnLoadMethodAttributes (143ms)
				AfterProcessingInitializeOnLoad (58ms)
				EditorAssembliesLoaded (1ms)
			ExecutionOrderSort2 (0ms)
			AwakeInstancesAfterBackupRestoration (40ms)
Platform modules already initialized, skipping
Refreshing native plugins compatible for Editor in 5.49 ms, found 3 plugins.
Preloading 0 native plugins for Editor in 0.00 ms.
Unloading 3345 Unused Serialized files (Serialized files now loaded: 0)
Unloading 20 unused Assets / (78.2 KB). Loaded Objects now: 3866.
Memory consumption went from 121.5 MB to 121.5 MB.
Total: 11.539700 ms (FindLiveObjects: 0.593400 ms CreateObjectMapping: 0.486500 ms MarkObjects: 10.126000 ms  DeleteObjects: 0.331000 ms)

AssetImportParameters requested are different than current active one (requested -> active):
  custom:video-decoder-ogg-theora: a1e56fd34408186e4bbccfd4996cb3dc -> 
  custom:container-muxer-webm: aa71ff27fc2769a1b78a27578f13a17b -> 
  custom:container-demuxer-webm: 4f35f7cbe854078d1ac9338744f61a02 -> 
  custom:video-encoder-webm-vp8: eb34c28f22e8b96e1ab97ce403110664 -> 
  custom:video-codec-MediaFoundation-h265: 746d11721c4dcdbdad8f713fa42b33f4 -> 
  custom:audio-encoder-webm-vorbis: bf7c407c2cedff20999df2af8eb42d56 -> 
  custom:framework-win-MediaFoundation: 216162199b28c13a410421893ffa2e32 -> 
  custom:container-demuxer-ogg: 62fdf1f143b41e24485cea50d1cbac27 -> 
  custom:video-decoder-webm-vp8: 9c59270c3fd7afecdb556c50c9e8de78 -> 
  custom:audio-decoder-ogg-vorbis: bf7c407c2cedff20999df2af8eb42d56 -> 
========================================================================
Received Import Request.
  Time since last request: 421.037192 seconds.
  path: Assets/Paulisia_S/3D Game Kit - Lowpoly city assets/Prefabs/buildings/yellow_house.prefab
  artifactKey: Guid(1bd929fb09b1fbe4bb7020913cbc6b51) Importer(815301076,1909f56bfc062723c751e8b465ee728b)
Start importing Assets/Paulisia_S/3D Game Kit - Lowpoly city assets/Prefabs/buildings/yellow_house.prefab using Guid(1bd929fb09b1fbe4bb7020913cbc6b51) Importer(815301076,1909f56bfc062723c751e8b465ee728b)  -> (artifact id: '7fbb9e06d772ecfe3b0398bb85b51c6a') in 0.265528 seconds 
========================================================================
Received Import Request.
  Time since last request: 0.000041 seconds.
  path: Assets/Paulisia_S
  artifactKey: Guid(b1cc834c77b160a439fefae4ee904bba) Importer(815301076,1909f56bfc062723c751e8b465ee728b)
Start importing Assets/Paulisia_S using Guid(b1cc834c77b160a439fefae4ee904bba) Importer(815301076,1909f56bfc062723c751e8b465ee728b)  -> (artifact id: '36d866c314d6a1a03a9156b318d2b75e') in 0.020860 seconds 
========================================================================
Received Import Request.
  Time since last request: 0.000104 seconds.
  path: Assets/Paulisia_S/3D Game Kit - Lowpoly city assets/Prefabs/buildings/pizzeria.prefab
  artifactKey: Guid(a1b05943ecb77f24ea8f6feaa2d06ec2) Importer(815301076,1909f56bfc062723c751e8b465ee728b)
Start importing Assets/Paulisia_S/3D Game Kit - Lowpoly city assets/Prefabs/buildings/pizzeria.prefab using Guid(a1b05943ecb77f24ea8f6feaa2d06ec2) Importer(815301076,1909f56bfc062723c751e8b465ee728b)  -> (artifact id: 'b1573a8f85208b89653bf7fba410ac77') in 0.056290 seconds 
========================================================================
Received Import Request.
  Time since last request: 0.000037 seconds.
  path: Assets/Paulisia_S/3D Game Kit - Lowpoly city assets/Prefabs/buildings/fire_station.prefab
  artifactKey: Guid(99c77392ba704a84d9c21d1a06b2ed42) Importer(815301076,1909f56bfc062723c751e8b465ee728b)
Start importing Assets/Paulisia_S/3D Game Kit - Lowpoly city assets/Prefabs/buildings/fire_station.prefab using Guid(99c77392ba704a84d9c21d1a06b2ed42) Importer(815301076,1909f56bfc062723c751e8b465ee728b)  -> (artifact id: '36c977ed000fc1abf807563a485c4de5') in 0.044557 seconds 
========================================================================
Received Import Request.
  Time since last request: 0.000102 seconds.
  path: Assets/Paulisia_S/3D Game Kit - Lowpoly city assets/Prefabs
  artifactKey: Guid(26ed4fb2bc7d82541941ebe82bc48c67) Importer(815301076,1909f56bfc062723c751e8b465ee728b)
Start importing Assets/Paulisia_S/3D Game Kit - Lowpoly city assets/Prefabs using Guid(26ed4fb2bc7d82541941ebe82bc48c67) Importer(815301076,1909f56bfc062723c751e8b465ee728b)  -> (artifact id: '08651a952ee79b462a70372d933ef573') in 0.018828 seconds 
========================================================================
Received Import Request.
  Time since last request: 0.000092 seconds.
  path: Assets/Paulisia_S/3D Game Kit - Lowpoly city assets/Prefabs/buildings/police_station.prefab
  artifactKey: Guid(e41eed048e843684ea1424dd6b101eb6) Importer(815301076,1909f56bfc062723c751e8b465ee728b)
Start importing Assets/Paulisia_S/3D Game Kit - Lowpoly city assets/Prefabs/buildings/police_station.prefab using Guid(e41eed048e843684ea1424dd6b101eb6) Importer(815301076,1909f56bfc062723c751e8b465ee728b)  -> (artifact id: '7e16a9443acb2e206ebbada839eb5926') in 0.040325 seconds 
========================================================================
Received Import Request.
  Time since last request: 0.000055 seconds.
  path: Assets/Paulisia_S/3D Game Kit - Lowpoly city assets/Prefabs/buildings/gas_sign.prefab
  artifactKey: Guid(719242d1ee4302442a846f9becffce96) Importer(815301076,1909f56bfc062723c751e8b465ee728b)
Start importing Assets/Paulisia_S/3D Game Kit - Lowpoly city assets/Prefabs/buildings/gas_sign.prefab using Guid(719242d1ee4302442a846f9becffce96) Importer(815301076,1909f56bfc062723c751e8b465ee728b)  -> (artifact id: '6528e81f149ae98e205b1741d7dcc3db') in 0.043442 seconds 
========================================================================
Received Import Request.
  Time since last request: 0.000069 seconds.
  path: Assets/Paulisia_S/3D Game Kit - Lowpoly city assets/Prefabs/buildings/blue_house.prefab
  artifactKey: Guid(eaa7c692fb9d5474b8e9c421d398a498) Importer(815301076,1909f56bfc062723c751e8b465ee728b)
Start importing Assets/Paulisia_S/3D Game Kit - Lowpoly city assets/Prefabs/buildings/blue_house.prefab using Guid(eaa7c692fb9d5474b8e9c421d398a498) Importer(815301076,1909f56bfc062723c751e8b465ee728b)  -> (artifact id: 'a38427a2379334a8bf691d74ace62b8a') in 0.045037 seconds 
========================================================================
Received Import Request.
  Time since last request: 0.000058 seconds.
  path: Assets/Paulisia_S/3D Game Kit - Lowpoly city assets/Prefabs/buildings/hotel.prefab
  artifactKey: Guid(5f43dd5690e469d4fa935c77a9dcc028) Importer(815301076,1909f56bfc062723c751e8b465ee728b)
Start importing Assets/Paulisia_S/3D Game Kit - Lowpoly city assets/Prefabs/buildings/hotel.prefab using Guid(5f43dd5690e469d4fa935c77a9dcc028) Importer(815301076,1909f56bfc062723c751e8b465ee728b)  -> (artifact id: 'ba7bfe739865faa2d4f6a596c9083ecd') in 0.599061 seconds 
========================================================================
Received Import Request.
  Time since last request: 0.000059 seconds.
  path: Assets/Paulisia_S/3D Game Kit - Lowpoly city assets/Prefabs/buildings/coffe_shop.prefab
  artifactKey: Guid(53f03ca5793d34b45989557015343644) Importer(815301076,1909f56bfc062723c751e8b465ee728b)
Start importing Assets/Paulisia_S/3D Game Kit - Lowpoly city assets/Prefabs/buildings/coffe_shop.prefab using Guid(53f03ca5793d34b45989557015343644) Importer(815301076,1909f56bfc062723c751e8b465ee728b)  -> (artifact id: 'ba4f567397ec54ae7c8ab6f984de3603') in 0.060830 seconds 
========================================================================
Received Import Request.
  Time since last request: 3.708068 seconds.
  path: Assets/Paulisia_S/3D Game Kit - Lowpoly city assets/Prefabs/decorations/bench.prefab
  artifactKey: Guid(85a97115d9e2c01489ae2c70d55813aa) Importer(815301076,1909f56bfc062723c751e8b465ee728b)
Start importing Assets/Paulisia_S/3D Game Kit - Lowpoly city assets/Prefabs/decorations/bench.prefab using Guid(85a97115d9e2c01489ae2c70d55813aa) Importer(815301076,1909f56bfc062723c751e8b465ee728b)  -> (artifact id: '3ae6ef9ed7ffa9d41d62609481bf5d26') in 0.041713 seconds 
========================================================================
Received Import Request.
  Time since last request: 0.000047 seconds.
  path: Assets/Paulisia_S/3D Game Kit - Lowpoly city assets/Prefabs/decorations/grass.prefab
  artifactKey: Guid(aed1d06ebc5c54e4b90f63b5c31de396) Importer(815301076,1909f56bfc062723c751e8b465ee728b)
Start importing Assets/Paulisia_S/3D Game Kit - Lowpoly city assets/Prefabs/decorations/grass.prefab using Guid(aed1d06ebc5c54e4b90f63b5c31de396) Importer(815301076,1909f56bfc062723c751e8b465ee728b)  -> (artifact id: 'e34ce657aa38f10f1ad0b895d447d296') in 0.067791 seconds 
========================================================================
Received Import Request.
  Time since last request: 0.000044 seconds.
  path: Assets/Paulisia_S/3D Game Kit - Lowpoly city assets/Prefabs/decorations/road.prefab
  artifactKey: Guid(5c967778ea7e9e94d9ba1295f3632188) Importer(815301076,1909f56bfc062723c751e8b465ee728b)
Start importing Assets/Paulisia_S/3D Game Kit - Lowpoly city assets/Prefabs/decorations/road.prefab using Guid(5c967778ea7e9e94d9ba1295f3632188) Importer(815301076,1909f56bfc062723c751e8b465ee728b)  -> (artifact id: 'ef1a34ae6ac966d6b057db5a3947914f') in 0.064576 seconds 
========================================================================
Received Import Request.
  Time since last request: 0.000069 seconds.
  path: Assets/Paulisia_S/3D Game Kit - Lowpoly city assets/Prefabs/decorations/car_light_green.prefab
  artifactKey: Guid(ed2e7eca10ac4f940ac89ef631ee2b90) Importer(815301076,1909f56bfc062723c751e8b465ee728b)
Start importing Assets/Paulisia_S/3D Game Kit - Lowpoly city assets/Prefabs/decorations/car_light_green.prefab using Guid(ed2e7eca10ac4f940ac89ef631ee2b90) Importer(815301076,1909f56bfc062723c751e8b465ee728b)  -> (artifact id: 'ced9a60c741c47ff37d57e38c0fa8f78') in 0.057162 seconds 
========================================================================
Received Import Request.
  Time since last request: 0.000071 seconds.
  path: Assets/Paulisia_S/3D Game Kit - Lowpoly city assets/Prefabs/decorations/tree_2.prefab
  artifactKey: Guid(d1834fb4cb815b4428925b5d639590ac) Importer(815301076,1909f56bfc062723c751e8b465ee728b)
Start importing Assets/Paulisia_S/3D Game Kit - Lowpoly city assets/Prefabs/decorations/tree_2.prefab using Guid(d1834fb4cb815b4428925b5d639590ac) Importer(815301076,1909f56bfc062723c751e8b465ee728b)  -> (artifact id: '3c7c2fd7b5a64ecdad81717fda78f454') in 0.054172 seconds 
========================================================================
Received Import Request.
  Time since last request: 0.000082 seconds.
  path: Assets/Paulisia_S/3D Game Kit - Lowpoly city assets/Prefabs/decorations/road_black_zebra_crossing.prefab
  artifactKey: Guid(04c5ea40b8ce00043b09f49a005c5200) Importer(815301076,1909f56bfc062723c751e8b465ee728b)
Start importing Assets/Paulisia_S/3D Game Kit - Lowpoly city assets/Prefabs/decorations/road_black_zebra_crossing.prefab using Guid(04c5ea40b8ce00043b09f49a005c5200) Importer(815301076,1909f56bfc062723c751e8b465ee728b)  -> (artifact id: '3e93d31552832f9abafb9be60661d9ce') in 0.056176 seconds 
========================================================================
Received Import Request.
  Time since last request: 0.000062 seconds.
  path: Assets/Paulisia_S/3D Game Kit - Lowpoly city assets/Prefabs/decorations/cone.prefab
  artifactKey: Guid(34788b30add9e72439c38d7308e9c012) Importer(815301076,1909f56bfc062723c751e8b465ee728b)
Start importing Assets/Paulisia_S/3D Game Kit - Lowpoly city assets/Prefabs/decorations/cone.prefab using Guid(34788b30add9e72439c38d7308e9c012) Importer(815301076,1909f56bfc062723c751e8b465ee728b)  -> (artifact id: '4dd02b6668108b5d0a291b4229b71c68') in 0.048145 seconds 
========================================================================
Received Import Request.
  Time since last request: 0.000052 seconds.
  path: Assets/Paulisia_S/3D Game Kit - Lowpoly city assets/Prefabs/decorations/light_green.prefab
  artifactKey: Guid(69ff7276e9a1b62438c675e046773218) Importer(815301076,1909f56bfc062723c751e8b465ee728b)
Start importing Assets/Paulisia_S/3D Game Kit - Lowpoly city assets/Prefabs/decorations/light_green.prefab using Guid(69ff7276e9a1b62438c675e046773218) Importer(815301076,1909f56bfc062723c751e8b465ee728b)  -> (artifact id: '2f25070fddaf859ad5f89e3f5599cca0') in 0.050342 seconds 
========================================================================
Received Import Request.
  Time since last request: 0.000069 seconds.
  path: Assets/Paulisia_S/3D Game Kit - Lowpoly city assets/Prefabs/decorations/bin.prefab
  artifactKey: Guid(f2bda55154a958745875b5f53c67e688) Importer(815301076,1909f56bfc062723c751e8b465ee728b)
Start importing Assets/Paulisia_S/3D Game Kit - Lowpoly city assets/Prefabs/decorations/bin.prefab using Guid(f2bda55154a958745875b5f53c67e688) Importer(815301076,1909f56bfc062723c751e8b465ee728b)  -> (artifact id: 'eb1959e53d183d0fdb106b3e1ab5d1ce') in 0.053476 seconds 
========================================================================
Received Import Request.
  Time since last request: 0.000067 seconds.
  path: Assets/Paulisia_S/3D Game Kit - Lowpoly city assets/Prefabs/decorations/bus_stop_sign.prefab
  artifactKey: Guid(14ea8cc5a510c8e4bbbcd9970a6bc163) Importer(815301076,1909f56bfc062723c751e8b465ee728b)
Start importing Assets/Paulisia_S/3D Game Kit - Lowpoly city assets/Prefabs/decorations/bus_stop_sign.prefab using Guid(14ea8cc5a510c8e4bbbcd9970a6bc163) Importer(815301076,1909f56bfc062723c751e8b465ee728b)  -> (artifact id: '35014509448d8245f5403c0593d6a6b6') in 0.054951 seconds 
========================================================================
Received Import Request.
  Time since last request: 0.000053 seconds.
  path: Assets/Paulisia_S/3D Game Kit - Lowpoly city assets/Prefabs/decorations/stop_sign.prefab
  artifactKey: Guid(9cd6750d9c5a1544db209f973b5a9229) Importer(815301076,1909f56bfc062723c751e8b465ee728b)
Start importing Assets/Paulisia_S/3D Game Kit - Lowpoly city assets/Prefabs/decorations/stop_sign.prefab using Guid(9cd6750d9c5a1544db209f973b5a9229) Importer(815301076,1909f56bfc062723c751e8b465ee728b)  -> (artifact id: '4bc019e63428152c455d334087a207a4') in 0.062667 seconds 
========================================================================
Received Import Request.
  Time since last request: 0.000075 seconds.
  path: Assets/Paulisia_S/3D Game Kit - Lowpoly city assets/Prefabs/decorations/sidewalk.prefab
  artifactKey: Guid(aa1b505f87ad4944083a052322a4fd5d) Importer(815301076,1909f56bfc062723c751e8b465ee728b)
Start importing Assets/Paulisia_S/3D Game Kit - Lowpoly city assets/Prefabs/decorations/sidewalk.prefab using Guid(aa1b505f87ad4944083a052322a4fd5d) Importer(815301076,1909f56bfc062723c751e8b465ee728b)  -> (artifact id: '0732a20554bdb9ebdc2e2557d5291b44') in 0.044900 seconds 
========================================================================
Received Import Request.
  Time since last request: 0.000074 seconds.
  path: Assets/Paulisia_S/3D Game Kit - Lowpoly city assets/Prefabs/decorations/post.prefab
  artifactKey: Guid(33994efc560df1d49867ad7306de895e) Importer(815301076,1909f56bfc062723c751e8b465ee728b)
Start importing Assets/Paulisia_S/3D Game Kit - Lowpoly city assets/Prefabs/decorations/post.prefab using Guid(33994efc560df1d49867ad7306de895e) Importer(815301076,1909f56bfc062723c751e8b465ee728b)  -> (artifact id: '9f384e2d9ff4aba357be7a4caf16bad5') in 0.042342 seconds 
========================================================================
Received Import Request.
  Time since last request: 0.997065 seconds.
  path: Assets/Paulisia_S/3D Game Kit - Lowpoly city assets/Prefabs/decorations/umbrella.prefab
  artifactKey: Guid(ea2cfc259e68b2e44b8c38770eb2a864) Importer(815301076,1909f56bfc062723c751e8b465ee728b)
Start importing Assets/Paulisia_S/3D Game Kit - Lowpoly city assets/Prefabs/decorations/umbrella.prefab using Guid(ea2cfc259e68b2e44b8c38770eb2a864) Importer(815301076,1909f56bfc062723c751e8b465ee728b)  -> (artifact id: '9f3e02d8d7a8b396721e82349616b7f4') in 0.074511 seconds 
========================================================================
Received Import Request.
  Time since last request: 16.499504 seconds.
  path: Assets/Paulisia_S/3D Game Kit - Lowpoly city assets/Prefabs/vehicles/blue_car.prefab
  artifactKey: Guid(a1c4b318a8a9374469461ca62662f396) Importer(815301076,1909f56bfc062723c751e8b465ee728b)
Start importing Assets/Paulisia_S/3D Game Kit - Lowpoly city assets/Prefabs/vehicles/blue_car.prefab using Guid(a1c4b318a8a9374469461ca62662f396) Importer(815301076,1909f56bfc062723c751e8b465ee728b)  -> (artifact id: '5d1502b9f9e47156b88b3d6cc1ab3395') in 0.051518 seconds 
========================================================================
Received Import Request.
  Time since last request: 0.000050 seconds.
  path: Assets/Paulisia_S/3D Game Kit - Lowpoly city assets/Prefabs/vehicles/sport_car.prefab
  artifactKey: Guid(63ec5a47ee81cfb45a962439d42d8f7a) Importer(815301076,1909f56bfc062723c751e8b465ee728b)
Start importing Assets/Paulisia_S/3D Game Kit - Lowpoly city assets/Prefabs/vehicles/sport_car.prefab using Guid(63ec5a47ee81cfb45a962439d42d8f7a) Importer(815301076,1909f56bfc062723c751e8b465ee728b)  -> (artifact id: 'acc566eba17679954a43b1107f1aa775') in 0.047290 seconds 
========================================================================
Received Import Request.
  Time since last request: 0.000046 seconds.
  path: Assets/Paulisia_S/3D Game Kit - Lowpoly city assets/Prefabs/vehicles/police.prefab
  artifactKey: Guid(d392018be9694ae498a38088670a2522) Importer(815301076,1909f56bfc062723c751e8b465ee728b)
Start importing Assets/Paulisia_S/3D Game Kit - Lowpoly city assets/Prefabs/vehicles/police.prefab using Guid(d392018be9694ae498a38088670a2522) Importer(815301076,1909f56bfc062723c751e8b465ee728b)  -> (artifact id: '00a5fae173ba85f259483b67a9a7bc99') in 0.051942 seconds 
========================================================================
Received Import Request.
  Time since last request: 0.000067 seconds.
  path: Assets/Paulisia_S/3D Game Kit - Lowpoly city assets/Prefabs/vehicles/truck.prefab
  artifactKey: Guid(9a227b66b71d8924fab6a617a76252b3) Importer(815301076,1909f56bfc062723c751e8b465ee728b)
Start importing Assets/Paulisia_S/3D Game Kit - Lowpoly city assets/Prefabs/vehicles/truck.prefab using Guid(9a227b66b71d8924fab6a617a76252b3) Importer(815301076,1909f56bfc062723c751e8b465ee728b)  -> (artifact id: 'b7ec443151e6ee48863a2bf2ecda54e5') in 0.045611 seconds 
========================================================================
Received Import Request.
  Time since last request: 0.000045 seconds.
  path: Assets/Paulisia_S/3D Game Kit - Lowpoly city assets/Prefabs/vehicles/small_bus.prefab
  artifactKey: Guid(cab717eef15fe5540b1bd2685998c6cb) Importer(815301076,1909f56bfc062723c751e8b465ee728b)
Start importing Assets/Paulisia_S/3D Game Kit - Lowpoly city assets/Prefabs/vehicles/small_bus.prefab using Guid(cab717eef15fe5540b1bd2685998c6cb) Importer(815301076,1909f56bfc062723c751e8b465ee728b)  -> (artifact id: '76975fc1ac9e4367b802586573245625') in 0.049438 seconds 
========================================================================
Received Import Request.
  Time since last request: 1549.042355 seconds.
  path: Assets/Paulisia_S/3D Game Kit - Lowpoly city assets/Models/vehicles/fire_truck.fbx
  artifactKey: Guid(c9ce5c9c471af2a4fa5d6a1f8dd31dd8) Importer(815301076,1909f56bfc062723c751e8b465ee728b)
Start importing Assets/Paulisia_S/3D Game Kit - Lowpoly city assets/Models/vehicles/fire_truck.fbx using Guid(c9ce5c9c471af2a4fa5d6a1f8dd31dd8) Importer(815301076,1909f56bfc062723c751e8b465ee728b)  -> (artifact id: '809f22624a7e3b672c25008f64a7352a') in 0.322217 seconds 
========================================================================
Received Import Request.
  Time since last request: 0.000087 seconds.
  path: Assets/Paulisia_S/3D Game Kit - Lowpoly city assets/Models/vehicles/small_bus.fbx
  artifactKey: Guid(c83553f81d630be449ba4b4610b06c58) Importer(815301076,1909f56bfc062723c751e8b465ee728b)
Start importing Assets/Paulisia_S/3D Game Kit - Lowpoly city assets/Models/vehicles/small_bus.fbx using Guid(c83553f81d630be449ba4b4610b06c58) Importer(815301076,1909f56bfc062723c751e8b465ee728b)  -> (artifact id: '7a5b520f3420a098d19139691bdc6419') in 0.257349 seconds 
========================================================================
Received Import Request.
  Time since last request: 0.000077 seconds.
  path: Assets/Paulisia_S/3D Game Kit - Lowpoly city assets/Models/buildings/police_station.fbx
  artifactKey: Guid(3c3f91825fb711144a0a072d86fe8c8f) Importer(815301076,1909f56bfc062723c751e8b465ee728b)
Start importing Assets/Paulisia_S/3D Game Kit - Lowpoly city assets/Models/buildings/police_station.fbx using Guid(3c3f91825fb711144a0a072d86fe8c8f) Importer(815301076,1909f56bfc062723c751e8b465ee728b)  -> (artifact id: '98df29c956d53fd3e848830b98771e0d') in 0.172388 seconds 
========================================================================
Received Import Request.
  Time since last request: 0.000057 seconds.
  path: Assets/Paulisia_S/3D Game Kit - Lowpoly city assets/Models/vehicles/truck.fbx
  artifactKey: Guid(d9676ad105f1ef544bcb6e98aa70a918) Importer(815301076,1909f56bfc062723c751e8b465ee728b)
Start importing Assets/Paulisia_S/3D Game Kit - Lowpoly city assets/Models/vehicles/truck.fbx using Guid(d9676ad105f1ef544bcb6e98aa70a918) Importer(815301076,1909f56bfc062723c751e8b465ee728b)  -> (artifact id: '1e14946816ed79986e09e5238a30ef75') in 0.286444 seconds 
========================================================================
Received Import Request.
  Time since last request: 0.000086 seconds.
  path: Assets/Paulisia_S/3D Game Kit - Lowpoly city assets/Models/buildings/blue_house.fbx
  artifactKey: Guid(0fda25875f6df574f9a45f59d852966c) Importer(815301076,1909f56bfc062723c751e8b465ee728b)
Start importing Assets/Paulisia_S/3D Game Kit - Lowpoly city assets/Models/buildings/blue_house.fbx using Guid(0fda25875f6df574f9a45f59d852966c) Importer(815301076,1909f56bfc062723c751e8b465ee728b)  -> (artifact id: '0efe0aa10f827580674e7f624f36e859') in 0.208960 seconds 
========================================================================
Received Import Request.
  Time since last request: 0.000103 seconds.
  path: Assets/Paulisia_S/3D Game Kit - Lowpoly city assets/Models/buildings/market.fbx
  artifactKey: Guid(7ba1f5efbba9d3944b7d12536868f167) Importer(815301076,1909f56bfc062723c751e8b465ee728b)
Start importing Assets/Paulisia_S/3D Game Kit - Lowpoly city assets/Models/buildings/market.fbx using Guid(7ba1f5efbba9d3944b7d12536868f167) Importer(815301076,1909f56bfc062723c751e8b465ee728b)  -> (artifact id: '1a30bfec01df15e4885a451e00494eb3') in 0.178810 seconds 
========================================================================
Received Import Request.
  Time since last request: 0.000052 seconds.
  path: Assets/Paulisia_S/3D Game Kit - Lowpoly city assets/Models/buildings/cinema.fbx
  artifactKey: Guid(1b74af686560d35408dab5752952d4d2) Importer(815301076,1909f56bfc062723c751e8b465ee728b)
Start importing Assets/Paulisia_S/3D Game Kit - Lowpoly city assets/Models/buildings/cinema.fbx using Guid(1b74af686560d35408dab5752952d4d2) Importer(815301076,1909f56bfc062723c751e8b465ee728b)  -> (artifact id: 'eb46ae4bdf619e55fdf9ac35ce72c24f') in 0.267083 seconds 
========================================================================
Received Import Request.
  Time since last request: 0.000061 seconds.
  path: Assets/Paulisia_S/3D Game Kit - Lowpoly city assets/Models/vehicles/blue_car.fbx
  artifactKey: Guid(eab79a0ced611f74fbd69ab6fbc86be0) Importer(815301076,1909f56bfc062723c751e8b465ee728b)
Start importing Assets/Paulisia_S/3D Game Kit - Lowpoly city assets/Models/vehicles/blue_car.fbx using Guid(eab79a0ced611f74fbd69ab6fbc86be0) Importer(815301076,1909f56bfc062723c751e8b465ee728b)  -> (artifact id: 'ac4c489c20ec364b38d436baf4a0f023') in 0.304528 seconds 
========================================================================
Received Import Request.
  Time since last request: 0.000120 seconds.
  path: Assets/FreeVegetation-LowPolyNature/FreeVegetation/Materials/Trunk_1.mat
  artifactKey: Guid(94bf847a9b88c60428243d160955ba6f) Importer(815301076,1909f56bfc062723c751e8b465ee728b)
Start importing Assets/FreeVegetation-LowPolyNature/FreeVegetation/Materials/Trunk_1.mat using Guid(94bf847a9b88c60428243d160955ba6f) Importer(815301076,1909f56bfc062723c751e8b465ee728b)  -> (artifact id: '7fdb1a88f1b256140ac85373d79fa452') in 0.117791 seconds 
========================================================================
Received Import Request.
  Time since last request: 0.000086 seconds.
  path: Assets/Paulisia_S/3D Game Kit - Lowpoly city assets/Models/buildings/pizzeria.fbx
  artifactKey: Guid(48b827cb18856564391c0e366f1e9b91) Importer(815301076,1909f56bfc062723c751e8b465ee728b)
Start importing Assets/Paulisia_S/3D Game Kit - Lowpoly city assets/Models/buildings/pizzeria.fbx using Guid(48b827cb18856564391c0e366f1e9b91) Importer(815301076,1909f56bfc062723c751e8b465ee728b)  -> (artifact id: '4d11351f2295dd0df753b8d16cd45270') in 0.261764 seconds 
========================================================================
Received Import Request.
  Time since last request: 0.000102 seconds.
  path: Assets/Paulisia_S/3D Game Kit - Lowpoly city assets/Models/buildings/fire_station.fbx
  artifactKey: Guid(9b4f0aa396369e14294f9e6b4d8bf86d) Importer(815301076,1909f56bfc062723c751e8b465ee728b)
Start importing Assets/Paulisia_S/3D Game Kit - Lowpoly city assets/Models/buildings/fire_station.fbx using Guid(9b4f0aa396369e14294f9e6b4d8bf86d) Importer(815301076,1909f56bfc062723c751e8b465ee728b)  -> (artifact id: '761500f4c3d519d12273921749e985f8') in 0.259783 seconds 
========================================================================
Received Import Request.
  Time since last request: 0.000137 seconds.
  path: Assets/Paulisia_S/3D Game Kit - Lowpoly city assets/Models/vehicles/police.fbx
  artifactKey: Guid(4071d021bac217c43a577ab57a431aa2) Importer(815301076,1909f56bfc062723c751e8b465ee728b)
Start importing Assets/Paulisia_S/3D Game Kit - Lowpoly city assets/Models/vehicles/police.fbx using Guid(4071d021bac217c43a577ab57a431aa2) Importer(815301076,1909f56bfc062723c751e8b465ee728b)  -> (artifact id: 'ff108fdf7410dc4a0b098212d38d955a') in 0.349306 seconds 
========================================================================
Received Import Request.
  Time since last request: 0.000073 seconds.
  path: Assets/Paulisia_S/3D Game Kit - Lowpoly city assets/Models/decorations/cone.fbx
  artifactKey: Guid(408ff7388d558b847a562aaf92fc78ae) Importer(815301076,1909f56bfc062723c751e8b465ee728b)
Start importing Assets/Paulisia_S/3D Game Kit - Lowpoly city assets/Models/decorations/cone.fbx using Guid(408ff7388d558b847a562aaf92fc78ae) Importer(815301076,1909f56bfc062723c751e8b465ee728b)  -> (artifact id: '414cf7f1cfe5d633f500a6888eee7e7a') in 0.146607 seconds 
========================================================================
Received Import Request.
  Time since last request: 0.000084 seconds.
  path: Assets/Paulisia_S/3D Game Kit - Lowpoly city assets/Models/decorations/tree_1.fbx
  artifactKey: Guid(b8b6e8d87f105034d9e39110e4a7d682) Importer(815301076,1909f56bfc062723c751e8b465ee728b)
Start importing Assets/Paulisia_S/3D Game Kit - Lowpoly city assets/Models/decorations/tree_1.fbx using Guid(b8b6e8d87f105034d9e39110e4a7d682) Importer(815301076,1909f56bfc062723c751e8b465ee728b)  -> (artifact id: '16923119174fa4e2cefdc72ddbafb6dc') in 0.169759 seconds 
========================================================================
Received Import Request.
  Time since last request: 0.000047 seconds.
  path: Assets/Paulisia_S/3D Game Kit - Lowpoly city assets/Models/decorations/tree_2.fbx
  artifactKey: Guid(5b3f5447e836ccf45b4f17e45301ea52) Importer(815301076,1909f56bfc062723c751e8b465ee728b)
Start importing Assets/Paulisia_S/3D Game Kit - Lowpoly city assets/Models/decorations/tree_2.fbx using Guid(5b3f5447e836ccf45b4f17e45301ea52) Importer(815301076,1909f56bfc062723c751e8b465ee728b)  -> (artifact id: '5ef6d185a589d50f9e7ab057b82ba689') in 0.178907 seconds 
========================================================================
Received Import Request.
  Time since last request: 0.000045 seconds.
  path: Assets/Paulisia_S/3D Game Kit - Lowpoly city assets/Models/decorations/road_black.fbx
  artifactKey: Guid(99eb40ff528efa0468c7b6170e9bc459) Importer(815301076,1909f56bfc062723c751e8b465ee728b)
Start importing Assets/Paulisia_S/3D Game Kit - Lowpoly city assets/Models/decorations/road_black.fbx using Guid(99eb40ff528efa0468c7b6170e9bc459) Importer(815301076,1909f56bfc062723c751e8b465ee728b)  -> (artifact id: 'ff2e822609d1fa1d5efae1372f243cd1') in 0.101795 seconds 
========================================================================
Received Import Request.
  Time since last request: 0.000070 seconds.
  path: Assets/Paulisia_S/3D Game Kit - Lowpoly city assets/Models/decorations/double_bin.fbx
  artifactKey: Guid(fb55981fedeaac142ad19fcd353c0cd5) Importer(815301076,1909f56bfc062723c751e8b465ee728b)
Start importing Assets/Paulisia_S/3D Game Kit - Lowpoly city assets/Models/decorations/double_bin.fbx using Guid(fb55981fedeaac142ad19fcd353c0cd5) Importer(815301076,1909f56bfc062723c751e8b465ee728b)  -> (artifact id: '0cf305571869857315eeddaaeddcb7f8') in 0.138395 seconds 
========================================================================
Received Import Request.
  Time since last request: 0.000056 seconds.
  path: Assets/Paulisia_S/3D Game Kit - Lowpoly city assets/Models/decorations/umbrella.fbx
  artifactKey: Guid(d104e4e7519fa424fa08db8fbd69cd64) Importer(815301076,1909f56bfc062723c751e8b465ee728b)
Start importing Assets/Paulisia_S/3D Game Kit - Lowpoly city assets/Models/decorations/umbrella.fbx using Guid(d104e4e7519fa424fa08db8fbd69cd64) Importer(815301076,1909f56bfc062723c751e8b465ee728b)  -> (artifact id: '465794465278a20c29e069addcb92da2') in 0.136967 seconds 
========================================================================
Received Import Request.
  Time since last request: 0.000070 seconds.
  path: Assets/Paulisia_S/3D Game Kit - Lowpoly city assets/Models/decorations/bench.fbx
  artifactKey: Guid(ebf97217763ff474fbbcdc5f0e1bd137) Importer(815301076,1909f56bfc062723c751e8b465ee728b)
Start importing Assets/Paulisia_S/3D Game Kit - Lowpoly city assets/Models/decorations/bench.fbx using Guid(ebf97217763ff474fbbcdc5f0e1bd137) Importer(815301076,1909f56bfc062723c751e8b465ee728b)  -> (artifact id: 'f17501237b0d52358c46c55b2a175c48') in 0.114400 seconds 
========================================================================
Received Import Request.
  Time since last request: 0.000092 seconds.
  path: Assets/Paulisia_S/3D Game Kit - Lowpoly city assets/Models/decorations/tree_3.fbx
  artifactKey: Guid(3ca9d32739fe9a445887120c3b52b579) Importer(815301076,1909f56bfc062723c751e8b465ee728b)
Start importing Assets/Paulisia_S/3D Game Kit - Lowpoly city assets/Models/decorations/tree_3.fbx using Guid(3ca9d32739fe9a445887120c3b52b579) Importer(815301076,1909f56bfc062723c751e8b465ee728b)  -> (artifact id: 'a5735198df21e33709783ffb56e56c70') in 0.143347 seconds 
========================================================================
Received Import Request.
  Time since last request: 0.000048 seconds.
  path: Assets/Paulisia_S/3D Game Kit - Lowpoly city assets/Models/buildings/gas_sign.fbx
  artifactKey: Guid(c791b879793981440890a3ba80114869) Importer(815301076,1909f56bfc062723c751e8b465ee728b)
Start importing Assets/Paulisia_S/3D Game Kit - Lowpoly city assets/Models/buildings/gas_sign.fbx using Guid(c791b879793981440890a3ba80114869) Importer(815301076,1909f56bfc062723c751e8b465ee728b)  -> (artifact id: 'fdb89e842c8347135dad1babb0d0325f') in 0.192118 seconds 
========================================================================
Received Import Request.
  Time since last request: 824.980202 seconds.
  path: Assets/Paulisia_S/3D Game Kit - Lowpoly city assets/Models/decorations/table.fbx
  artifactKey: Guid(dced69dc88f0e024085b06f4dd20210d) Importer(815301076,1909f56bfc062723c751e8b465ee728b)
Start importing Assets/Paulisia_S/3D Game Kit - Lowpoly city assets/Models/decorations/table.fbx using Guid(dced69dc88f0e024085b06f4dd20210d) Importer(815301076,1909f56bfc062723c751e8b465ee728b)  -> (artifact id: '7d238486c46d02b5b251d4f50875607a') in 0.107250 seconds 
